<?xml version="1.0" encoding="UTF-8"?>
<testsuites>
  <testsuite name="fastlane.lanes">
    
    
    
      
      <testcase classname="fastlane.lanes" name="0: increment_version_code" time="0.024958427">
        
      </testcase>
    
      
      <testcase classname="fastlane.lanes" name="1: Switch to android build lane" time="0.000343975">
        
      </testcase>
    
      
      <testcase classname="fastlane.lanes" name="2: clean" time="18.780314023">
        
          <failure message="/root/.rbenv/versions/3.2.0/lib/ruby/gems/3.2.0/gems/fastlane-2.211.0/fastlane/lib/fastlane/actions/actions_helper.rb:67:in `execute_action&apos;&#10;/root/.rbenv/versions/3.2.0/lib/ruby/gems/3.2.0/gems/fastlane-2.211.0/fastlane/lib/fastlane/runner.rb:255:in `block in execute_action&apos;&#10;/root/.rbenv/versions/3.2.0/lib/ruby/gems/3.2.0/gems/fastlane-2.211.0/fastlane/lib/fastlane/runner.rb:229:in `chdir&apos;&#10;/root/.rbenv/versions/3.2.0/lib/ruby/gems/3.2.0/gems/fastlane-2.211.0/fastlane/lib/fastlane/runner.rb:229:in `execute_action&apos;&#10;/root/.rbenv/versions/3.2.0/lib/ruby/gems/3.2.0/gems/fastlane-2.211.0/fastlane/lib/fastlane/runner.rb:157:in `trigger_action_by_name&apos;&#10;/root/.rbenv/versions/3.2.0/lib/ruby/gems/3.2.0/gems/fastlane-2.211.0/fastlane/lib/fastlane/fast_file.rb:159:in `method_missing&apos;&#10;Fastfile:10:in `block (2 levels) in parsing_binding&apos;&#10;/root/.rbenv/versions/3.2.0/lib/ruby/gems/3.2.0/gems/fastlane-2.211.0/fastlane/lib/fastlane/lane.rb:33:in `call&apos;&#10;/root/.rbenv/versions/3.2.0/lib/ruby/gems/3.2.0/gems/fastlane-2.211.0/fastlane/lib/fastlane/runner.rb:204:in `try_switch_to_lane&apos;&#10;/root/.rbenv/versions/3.2.0/lib/ruby/gems/3.2.0/gems/fastlane-2.211.0/fastlane/lib/fastlane/runner.rb:146:in `trigger_action_by_name&apos;&#10;/root/.rbenv/versions/3.2.0/lib/ruby/gems/3.2.0/gems/fastlane-2.211.0/fastlane/lib/fastlane/fast_file.rb:159:in `method_missing&apos;&#10;Fastfile:36:in `block (2 levels) in parsing_binding&apos;&#10;/root/.rbenv/versions/3.2.0/lib/ruby/gems/3.2.0/gems/fastlane-2.211.0/fastlane/lib/fastlane/lane.rb:33:in `call&apos;&#10;/root/.rbenv/versions/3.2.0/lib/ruby/gems/3.2.0/gems/fastlane-2.211.0/fastlane/lib/fastlane/runner.rb:49:in `block in execute&apos;&#10;/root/.rbenv/versions/3.2.0/lib/ruby/gems/3.2.0/gems/fastlane-2.211.0/fastlane/lib/fastlane/runner.rb:45:in `chdir&apos;&#10;/root/.rbenv/versions/3.2.0/lib/ruby/gems/3.2.0/gems/fastlane-2.211.0/fastlane/lib/fastlane/runner.rb:45:in `execute&apos;&#10;/root/.rbenv/versions/3.2.0/lib/ruby/gems/3.2.0/gems/fastlane-2.211.0/fastlane/lib/fastlane/lane_manager.rb:47:in `cruise_lane&apos;&#10;/root/.rbenv/versions/3.2.0/lib/ruby/gems/3.2.0/gems/fastlane-2.211.0/fastlane/lib/fastlane/command_line_handler.rb:36:in `handle&apos;&#10;/root/.rbenv/versions/3.2.0/lib/ruby/gems/3.2.0/gems/fastlane-2.211.0/fastlane/lib/fastlane/commands_generator.rb:110:in `block (2 levels) in run&apos;&#10;/root/.rbenv/versions/3.2.0/lib/ruby/gems/3.2.0/gems/commander-4.6.0/lib/commander/command.rb:187:in `call&apos;&#10;/root/.rbenv/versions/3.2.0/lib/ruby/gems/3.2.0/gems/commander-4.6.0/lib/commander/command.rb:157:in `run&apos;&#10;/root/.rbenv/versions/3.2.0/lib/ruby/gems/3.2.0/gems/commander-4.6.0/lib/commander/runner.rb:444:in `run_active_command&apos;&#10;/root/.rbenv/versions/3.2.0/lib/ruby/gems/3.2.0/gems/fastlane-2.211.0/fastlane_core/lib/fastlane_core/ui/fastlane_runner.rb:124:in `run!&apos;&#10;/root/.rbenv/versions/3.2.0/lib/ruby/gems/3.2.0/gems/commander-4.6.0/lib/commander/delegates.rb:18:in `run!&apos;&#10;/root/.rbenv/versions/3.2.0/lib/ruby/gems/3.2.0/gems/fastlane-2.211.0/fastlane/lib/fastlane/commands_generator.rb:354:in `run&apos;&#10;/root/.rbenv/versions/3.2.0/lib/ruby/gems/3.2.0/gems/fastlane-2.211.0/fastlane/lib/fastlane/commands_generator.rb:43:in `start&apos;&#10;/root/.rbenv/versions/3.2.0/lib/ruby/gems/3.2.0/gems/fastlane-2.211.0/fastlane/lib/fastlane/cli_tools_distributor.rb:123:in `take_off&apos;&#10;/root/.rbenv/versions/3.2.0/lib/ruby/gems/3.2.0/gems/fastlane-2.211.0/bin/fastlane:23:in `&lt;top (required)&gt;&apos;&#10;/root/.rbenv/versions/3.2.0/bin/fastlane:25:in `load&apos;&#10;/root/.rbenv/versions/3.2.0/bin/fastlane:25:in `&lt;main&gt;&apos;&#10;&#10;Exit status of command &apos;/home/project/android/gradlew clean -p android/ -PdefaultEnvFile=.env.dev&apos; was 1 instead of 0.&#10;Downloading https://services.gradle.org/distributions/gradle-7.5.1-all.zip&#10;.................................................................................................................................................................................................................................................................................................................................................................................................................................................................................................................................................................................................................................................................................................................................................................................................................................................................................................................................................................................................................................................................................................................................................................................................................................................................................................................................................................................................................................................................................................................................................................................................................................................................................................................................................................................................................................................................................................................................................................................................................................................................................................................................................................................................................................................................................................................................................................................................................................................................................................................................................................................................................................................................................................................................................................................................................................................................................................................................................................................................................................................................................................................................................................................................................................................................................................................................................................................................................................................................................................................................................................................................................................................................................................................................................................................................................................................................................................................................................................................................................................................................................................................................................................................................................................................................................................................................................................................................................................................................................................................................................................................................................................................................................................................................................................................................................................................................................................................................................................................................................................................................................................................................................................................................................................................................................................................................................................................................................................................................................................................................................................................................................................................................................................................................................................................................................................................................................................................................................................................................................................................................................................................................................................................................................................................................................................................................................................................................................................................................................................................................................................................................................................................................................................................................................................................................................................................................................................................................................................................................................................................................................................................................................................................................................................................................................................................................................................................................................................................................................................................................................................................................................................................................................................................................................................................................................................................................................................................................................................................................................................................................................................................................................................................................................................................................................................................................................................................................................................................................................................................................................................................................................................................&#10;Unzipping /root/.gradle/wrapper/dists/gradle-7.5.1-all/1ehga6e77gqps5uk2kc5kf1vc/gradle-7.5.1-all.zip to /root/.gradle/wrapper/dists/gradle-7.5.1-all/1ehga6e77gqps5uk2kc5kf1vc&#10;Set executable permissions for: /root/.gradle/wrapper/dists/gradle-7.5.1-all/1ehga6e77gqps5uk2kc5kf1vc/gradle-7.5.1/bin/gradle&#10;&#10;Welcome to Gradle 7.5.1!&#10;&#10;Here are the highlights of this release:&#10; - Support for Java 18&#10; - Support for building with Groovy 4&#10; - Much more responsive continuous builds&#10; - Improved diagnostics for dependency resolution&#10;&#10;For more details see https://docs.gradle.org/7.5.1/release-notes.html&#10;&#10;Starting a Gradle Daemon (subsequent builds will be faster)&#10;&#10;FAILURE: Build failed with an exception.&#10;&#10;* Where:&#10;Script &apos;/sdk/flutter/packages/flutter_tools/gradle/app_plugin_loader.gradle&apos; line: 33&#10;&#10;* What went wrong:&#10;A problem occurred evaluating script.&#10;&gt; assert pluginDirectory.exists()&#10;         |               |&#10;         |               false&#10;         /root/.pub-cache/hosted/pub.dev/flutter_native_splash-2.2.16/android&#10;&#10;* Try:&#10;&gt; Run with --stacktrace option to get the stack trace.&#10;&gt; Run with --info or --debug option to get more log output.&#10;&gt; Run with --scan to get full insights.&#10;&#10;* Get more help at https://help.gradle.org&#10;&#10;BUILD FAILED in 18s&#10;" />
        
      </testcase>
    
  </testsuite>
</testsuites>
